INFO 2025-09-15 23:23:48,429 subscriptions.middleware process_request 58 Request: GET /subscriptions/
INFO 2025-09-15 23:23:48,434 subscriptions.middleware process_request 59 User: Ahmed
INFO 2025-09-15 23:23:48,434 subscriptions.middleware process_request 60 IP: 127.0.0.1
INFO 2025-09-15 23:23:48,461 subscriptions.middleware process_response 66 Response: 200 for GET /subscriptions/
INFO 2025-09-15 23:23:54,262 subscriptions.middleware process_request 58 Request: GET /subscriptions/add/
INFO 2025-09-15 23:23:54,266 subscriptions.middleware process_request 59 User: Ahmed
INFO 2025-09-15 23:23:54,266 subscriptions.middleware process_request 60 IP: 127.0.0.1
INFO 2025-09-15 23:23:54,302 subscriptions.middleware process_response 66 Response: 200 for GET /subscriptions/add/
INFO 2025-09-15 23:24:03,487 subscriptions.middleware process_request 58 Request: POST /subscriptions/add/
INFO 2025-09-15 23:24:03,489 subscriptions.middleware process_request 59 User: Ahmed
INFO 2025-09-15 23:24:03,490 subscriptions.middleware process_request 60 IP: 127.0.0.1
WARNING 2025-09-15 23:24:03,494 subscriptions.form_mixins validate_costs 125 Unusual cost ratio detected: monthly=123, yearly=123, ratio=12
WARNING 2025-09-15 23:24:03,495 subscriptions.forms _validate_business_rules 197 Very unusual cost ratio: monthly=123, yearly=123, ratio=12
INFO 2025-09-15 23:24:03,507 subscriptions.models.subscription save 152 Subscription 14 schedule changed; reset payments: deleted=0
INFO 2025-09-15 23:24:03,507 subscriptions.mixins log_action 52 View action: {'action': 'create', 'user_id': 2, 'view_name': 'SubscriptionCreateView', 'object': '123'}
INFO 2025-09-15 23:24:03,514 subscriptions.middleware process_response 66 Response: 302 for POST /subscriptions/add/
INFO 2025-09-15 23:24:03,518 subscriptions.middleware process_request 58 Request: GET /subscriptions/
INFO 2025-09-15 23:24:03,521 subscriptions.middleware process_request 59 User: Ahmed
INFO 2025-09-15 23:24:03,521 subscriptions.middleware process_request 60 IP: 127.0.0.1
INFO 2025-09-15 23:24:03,533 subscriptions.middleware process_response 66 Response: 200 for GET /subscriptions/
INFO 2025-09-15 23:24:05,400 subscriptions.middleware process_request 58 Request: GET /subscriptions/13/
INFO 2025-09-15 23:24:05,403 subscriptions.middleware process_request 59 User: Ahmed
INFO 2025-09-15 23:24:05,403 subscriptions.middleware process_request 60 IP: 127.0.0.1
INFO 2025-09-15 23:24:05,561 subscriptions.middleware process_response 66 Response: 200 for GET /subscriptions/13/
INFO 2025-09-15 23:24:07,888 subscriptions.middleware process_request 58 Request: GET /subscriptions/13/edit/
INFO 2025-09-15 23:24:07,891 subscriptions.middleware process_request 59 User: Ahmed
INFO 2025-09-15 23:24:07,891 subscriptions.middleware process_request 60 IP: 127.0.0.1
INFO 2025-09-15 23:24:07,903 subscriptions.middleware process_response 66 Response: 200 for GET /subscriptions/13/edit/
INFO 2025-09-15 23:24:13,409 subscriptions.middleware process_request 58 Request: POST /subscriptions/13/edit/
INFO 2025-09-15 23:24:13,412 subscriptions.middleware process_request 59 User: Ahmed
INFO 2025-09-15 23:24:13,412 subscriptions.middleware process_request 60 IP: 127.0.0.1
WARNING 2025-09-15 23:24:13,416 subscriptions.form_mixins validate_costs 125 Unusual cost ratio detected: monthly=123.00, yearly=123.00, ratio=12
WARNING 2025-09-15 23:24:13,416 subscriptions.forms _validate_business_rules 197 Very unusual cost ratio: monthly=123.00, yearly=123.00, ratio=12
INFO 2025-09-15 23:24:13,432 subscriptions.models.subscription save 152 Subscription 13 schedule changed; reset payments: deleted=22
INFO 2025-09-15 23:24:13,458 subscriptions.middleware process_response 66 Response: 302 for POST /subscriptions/13/edit/
INFO 2025-09-15 23:24:13,462 subscriptions.middleware process_request 58 Request: GET /subscriptions/13/
INFO 2025-09-15 23:24:13,465 subscriptions.middleware process_request 59 User: Ahmed
INFO 2025-09-15 23:24:13,465 subscriptions.middleware process_request 60 IP: 127.0.0.1
INFO 2025-09-15 23:24:13,495 subscriptions.middleware process_response 66 Response: 200 for GET /subscriptions/13/
INFO 2025-09-15 23:24:17,186 subscriptions.middleware process_request 58 Request: GET /dashboard/
INFO 2025-09-15 23:24:17,189 subscriptions.middleware process_request 59 User: Ahmed
INFO 2025-09-15 23:24:17,189 subscriptions.middleware process_request 60 IP: 127.0.0.1
INFO 2025-09-15 23:24:17,194 subscriptions.middleware process_response 66 Response: 200 for GET /dashboard/
INFO 2025-09-15 23:24:22,695 subscriptions.middleware process_request 58 Request: GET /dashboard/
INFO 2025-09-15 23:24:22,697 subscriptions.middleware process_request 59 User: Ahmed
INFO 2025-09-15 23:24:22,697 subscriptions.middleware process_request 60 IP: 127.0.0.1
INFO 2025-09-15 23:24:22,702 subscriptions.middleware process_response 66 Response: 200 for GET /dashboard/
INFO 2025-09-15 23:24:23,870 subscriptions.middleware process_request 58 Request: GET /dashboard/
INFO 2025-09-15 23:24:23,873 subscriptions.middleware process_request 59 User: Ahmed
INFO 2025-09-15 23:24:23,873 subscriptions.middleware process_request 60 IP: 127.0.0.1
INFO 2025-09-15 23:24:23,878 subscriptions.middleware process_response 66 Response: 200 for GET /dashboard/
INFO 2025-09-15 23:24:28,189 subscriptions.middleware process_request 58 Request: GET /subscriptions/
INFO 2025-09-15 23:24:28,191 subscriptions.middleware process_request 59 User: Ahmed
INFO 2025-09-15 23:24:28,192 subscriptions.middleware process_request 60 IP: 127.0.0.1
INFO 2025-09-15 23:24:28,199 subscriptions.middleware process_response 66 Response: 200 for GET /subscriptions/
INFO 2025-09-15 23:24:30,598 subscriptions.middleware process_request 58 Request: GET /dashboard/
INFO 2025-09-15 23:24:30,600 subscriptions.middleware process_request 59 User: Ahmed
INFO 2025-09-15 23:24:30,601 subscriptions.middleware process_request 60 IP: 127.0.0.1
INFO 2025-09-15 23:24:30,606 subscriptions.middleware process_response 66 Response: 200 for GET /dashboard/
INFO 2025-09-15 23:24:34,150 subscriptions.middleware process_request 58 Request: GET /subscriptions/
INFO 2025-09-15 23:24:34,152 subscriptions.middleware process_request 59 User: Ahmed
INFO 2025-09-15 23:24:34,152 subscriptions.middleware process_request 60 IP: 127.0.0.1
INFO 2025-09-15 23:24:34,162 subscriptions.middleware process_response 66 Response: 200 for GET /subscriptions/
INFO 2025-09-15 23:24:36,165 subscriptions.middleware process_request 58 Request: GET /dashboard/
INFO 2025-09-15 23:24:36,167 subscriptions.middleware process_request 59 User: Ahmed
INFO 2025-09-15 23:24:36,167 subscriptions.middleware process_request 60 IP: 127.0.0.1
INFO 2025-09-15 23:24:36,171 subscriptions.middleware process_response 66 Response: 200 for GET /dashboard/
INFO 2025-09-15 23:24:47,327 subscriptions.middleware process_request 58 Request: GET /subscriptions/
INFO 2025-09-15 23:24:47,330 subscriptions.middleware process_request 59 User: Ahmed
INFO 2025-09-15 23:24:47,330 subscriptions.middleware process_request 60 IP: 127.0.0.1
INFO 2025-09-15 23:24:47,339 subscriptions.middleware process_response 66 Response: 200 for GET /subscriptions/
INFO 2025-09-15 23:25:01,462 subscriptions.middleware process_request 58 Request: GET /dashboard/
INFO 2025-09-15 23:25:01,465 subscriptions.middleware process_request 59 User: Ahmed
INFO 2025-09-15 23:25:01,465 subscriptions.middleware process_request 60 IP: 127.0.0.1
INFO 2025-09-15 23:25:01,471 subscriptions.middleware process_response 66 Response: 200 for GET /dashboard/
INFO 2025-09-15 23:25:03,485 subscriptions.middleware process_request 58 Request: GET /subscriptions/14/edit/
INFO 2025-09-15 23:25:03,487 subscriptions.middleware process_request 59 User: Ahmed
INFO 2025-09-15 23:25:03,487 subscriptions.middleware process_request 60 IP: 127.0.0.1
INFO 2025-09-15 23:25:03,496 subscriptions.middleware process_response 66 Response: 200 for GET /subscriptions/14/edit/
INFO 2025-09-15 23:25:14,036 subscriptions.middleware process_request 58 Request: POST /subscriptions/14/edit/
INFO 2025-09-15 23:25:14,039 subscriptions.middleware process_request 59 User: Ahmed
INFO 2025-09-15 23:25:14,039 subscriptions.middleware process_request 60 IP: 127.0.0.1
WARNING 2025-09-15 23:25:14,044 subscriptions.form_mixins validate_costs 125 Unusual cost ratio detected: monthly=123.00, yearly=123.00, ratio=12
WARNING 2025-09-15 23:25:14,044 subscriptions.form_mixins log_validation_error 179 Form validation error: field=form, error=['Duration in months is required for monthly billing cycle.'], form=SubscriptionForm, context={}
INFO 2025-09-15 23:25:14,054 subscriptions.middleware process_response 66 Response: 200 for POST /subscriptions/14/edit/
INFO 2025-09-15 23:25:31,405 subscriptions.middleware process_request 58 Request: POST /subscriptions/14/edit/
INFO 2025-09-15 23:25:31,407 subscriptions.middleware process_request 59 User: Ahmed
INFO 2025-09-15 23:25:31,407 subscriptions.middleware process_request 60 IP: 127.0.0.1
WARNING 2025-09-15 23:25:31,411 subscriptions.form_mixins validate_costs 125 Unusual cost ratio detected: monthly=123.00, yearly=123.00, ratio=12
WARNING 2025-09-15 23:25:31,411 subscriptions.forms _validate_business_rules 197 Very unusual cost ratio: monthly=123.00, yearly=123.00, ratio=12
INFO 2025-09-15 23:25:31,432 subscriptions.models.subscription save 152 Subscription 14 schedule changed; reset payments: deleted=0
INFO 2025-09-15 23:25:31,447 subscriptions.middleware process_response 66 Response: 302 for POST /subscriptions/14/edit/
INFO 2025-09-15 23:25:31,451 subscriptions.middleware process_request 58 Request: GET /subscriptions/14/
INFO 2025-09-15 23:25:31,456 subscriptions.middleware process_request 59 User: Ahmed
INFO 2025-09-15 23:25:31,456 subscriptions.middleware process_request 60 IP: 127.0.0.1
INFO 2025-09-15 23:25:31,741 subscriptions.middleware process_response 66 Response: 200 for GET /subscriptions/14/
INFO 2025-09-15 23:25:40,332 subscriptions.middleware process_request 58 Request: GET /subscriptions/14/edit/
INFO 2025-09-15 23:25:40,335 subscriptions.middleware process_request 59 User: Ahmed
INFO 2025-09-15 23:25:40,335 subscriptions.middleware process_request 60 IP: 127.0.0.1
INFO 2025-09-15 23:25:40,344 subscriptions.middleware process_response 66 Response: 200 for GET /subscriptions/14/edit/
INFO 2025-09-15 23:27:22,914 subscriptions.middleware process_request 58 Request: GET /subscriptions/14/edit/
INFO 2025-09-15 23:27:22,919 subscriptions.middleware process_request 59 User: Ahmed
INFO 2025-09-15 23:27:22,919 subscriptions.middleware process_request 60 IP: 127.0.0.1
INFO 2025-09-15 23:27:22,945 subscriptions.middleware process_response 66 Response: 200 for GET /subscriptions/14/edit/
INFO 2025-09-15 23:28:20,485 subscriptions.middleware process_request 58 Request: GET /dashboard/
INFO 2025-09-15 23:28:20,487 subscriptions.middleware process_request 59 User: Ahmed
INFO 2025-09-15 23:28:20,487 subscriptions.middleware process_request 60 IP: 127.0.0.1
INFO 2025-09-15 23:28:20,495 subscriptions.middleware process_response 66 Response: 200 for GET /dashboard/
INFO 2025-09-15 23:29:10,716 subscriptions.middleware process_request 58 Request: GET /dashboard/
INFO 2025-09-15 23:29:10,718 subscriptions.middleware process_request 59 User: Ahmed
INFO 2025-09-15 23:29:10,718 subscriptions.middleware process_request 60 IP: 127.0.0.1
INFO 2025-09-15 23:29:10,726 subscriptions.middleware process_response 66 Response: 200 for GET /dashboard/
INFO 2025-09-15 23:29:11,585 subscriptions.middleware process_request 58 Request: GET /favicon.ico
INFO 2025-09-15 23:29:11,587 subscriptions.middleware process_request 59 User: Ahmed
INFO 2025-09-15 23:29:11,587 subscriptions.middleware process_request 60 IP: 127.0.0.1
INFO 2025-09-15 23:29:11,593 subscriptions.middleware process_response 66 Response: 404 for GET /favicon.ico
INFO 2025-09-15 23:32:47,696 subscriptions.middleware process_request 58 Request: GET /dashboard/
INFO 2025-09-15 23:32:47,698 subscriptions.middleware process_request 59 User: Ahmed
INFO 2025-09-15 23:32:47,698 subscriptions.middleware process_request 60 IP: 127.0.0.1
INFO 2025-09-15 23:32:47,703 subscriptions.middleware process_response 66 Response: 200 for GET /dashboard/
INFO 2025-09-15 23:32:53,335 subscriptions.middleware process_request 58 Request: GET /dashboard/
INFO 2025-09-15 23:32:53,338 subscriptions.middleware process_request 59 User: Ahmed
INFO 2025-09-15 23:32:53,338 subscriptions.middleware process_request 60 IP: 127.0.0.1
INFO 2025-09-15 23:32:53,341 subscriptions.middleware process_response 66 Response: 200 for GET /dashboard/
INFO 2025-09-15 23:32:58,415 subscriptions.middleware process_request 58 Request: GET /dashboard/
INFO 2025-09-15 23:32:58,417 subscriptions.middleware process_request 59 User: Ahmed
INFO 2025-09-15 23:32:58,418 subscriptions.middleware process_request 60 IP: 127.0.0.1
INFO 2025-09-15 23:32:58,422 subscriptions.middleware process_response 66 Response: 200 for GET /dashboard/
INFO 2025-09-15 23:33:36,222 subscriptions.middleware process_request 58 Request: GET /dashboard/
INFO 2025-09-15 23:33:36,224 subscriptions.middleware process_request 59 User: Ahmed
INFO 2025-09-15 23:33:36,224 subscriptions.middleware process_request 60 IP: 127.0.0.1
INFO 2025-09-15 23:33:36,228 subscriptions.middleware process_response 66 Response: 200 for GET /dashboard/
INFO 2025-09-15 23:35:18,558 subscriptions.middleware process_request 58 Request: GET /dashboard/
INFO 2025-09-15 23:35:18,560 subscriptions.middleware process_request 59 User: Ahmed
INFO 2025-09-15 23:35:18,561 subscriptions.middleware process_request 60 IP: 127.0.0.1
INFO 2025-09-15 23:35:18,567 subscriptions.middleware process_response 66 Response: 200 for GET /dashboard/
INFO 2025-09-15 23:36:50,843 subscriptions.middleware process_request 58 Request: GET /subscriptions/
INFO 2025-09-15 23:36:50,845 subscriptions.middleware process_request 59 User: Ahmed
INFO 2025-09-15 23:36:50,845 subscriptions.middleware process_request 60 IP: 127.0.0.1
INFO 2025-09-15 23:36:50,855 subscriptions.middleware process_response 66 Response: 200 for GET /subscriptions/
INFO 2025-09-15 23:36:56,286 subscriptions.middleware process_request 58 Request: GET /subscriptions/14/
INFO 2025-09-15 23:36:56,288 subscriptions.middleware process_request 59 User: Ahmed
INFO 2025-09-15 23:36:56,288 subscriptions.middleware process_request 60 IP: 127.0.0.1
INFO 2025-09-15 23:36:56,345 subscriptions.middleware process_response 66 Response: 200 for GET /subscriptions/14/
INFO 2025-09-15 23:37:01,026 subscriptions.middleware process_request 58 Request: GET /subscriptions/14/edit/
INFO 2025-09-15 23:37:01,028 subscriptions.middleware process_request 59 User: Ahmed
INFO 2025-09-15 23:37:01,028 subscriptions.middleware process_request 60 IP: 127.0.0.1
INFO 2025-09-15 23:37:01,040 subscriptions.middleware process_response 66 Response: 200 for GET /subscriptions/14/edit/
INFO 2025-09-15 23:37:09,153 subscriptions.middleware process_request 58 Request: POST /subscriptions/14/edit/
INFO 2025-09-15 23:37:09,155 subscriptions.middleware process_request 59 User: Ahmed
INFO 2025-09-15 23:37:09,156 subscriptions.middleware process_request 60 IP: 127.0.0.1
WARNING 2025-09-15 23:37:09,160 subscriptions.form_mixins validate_costs 125 Unusual cost ratio detected: monthly=123.00, yearly=123.00, ratio=12
WARNING 2025-09-15 23:37:09,161 subscriptions.forms _validate_business_rules 197 Very unusual cost ratio: monthly=123.00, yearly=123.00, ratio=12
INFO 2025-09-15 23:37:09,175 subscriptions.models.subscription save 152 Subscription 14 schedule changed; reset payments: deleted=44
INFO 2025-09-15 23:37:09,186 subscriptions.middleware process_response 66 Response: 302 for POST /subscriptions/14/edit/
INFO 2025-09-15 23:37:09,190 subscriptions.middleware process_request 58 Request: GET /subscriptions/14/
INFO 2025-09-15 23:37:09,195 subscriptions.middleware process_request 59 User: Ahmed
INFO 2025-09-15 23:37:09,196 subscriptions.middleware process_request 60 IP: 127.0.0.1
INFO 2025-09-15 23:37:09,223 subscriptions.middleware process_response 66 Response: 200 for GET /subscriptions/14/
INFO 2025-09-15 23:57:05,765 subscriptions.middleware process_request 58 Request: GET /subscriptions/14/
INFO 2025-09-15 23:57:05,768 subscriptions.middleware process_request 59 User: Ahmed
INFO 2025-09-15 23:57:05,768 subscriptions.middleware process_request 60 IP: 127.0.0.1
INFO 2025-09-15 23:57:05,794 subscriptions.middleware process_response 66 Response: 200 for GET /subscriptions/14/
INFO 2025-09-15 23:57:21,658 subscriptions.middleware process_request 58 Request: GET /subscriptions/14/edit/
INFO 2025-09-15 23:57:21,660 subscriptions.middleware process_request 59 User: Ahmed
INFO 2025-09-15 23:57:21,660 subscriptions.middleware process_request 60 IP: 127.0.0.1
INFO 2025-09-15 23:57:21,678 subscriptions.middleware process_response 66 Response: 200 for GET /subscriptions/14/edit/
INFO 2025-09-15 23:57:29,771 subscriptions.middleware process_request 58 Request: POST /subscriptions/14/edit/
INFO 2025-09-15 23:57:29,773 subscriptions.middleware process_request 59 User: Ahmed
INFO 2025-09-15 23:57:29,773 subscriptions.middleware process_request 60 IP: 127.0.0.1
WARNING 2025-09-15 23:57:29,779 subscriptions.form_mixins validate_costs 125 Unusual cost ratio detected: monthly=123.00, yearly=123.00, ratio=12
WARNING 2025-09-15 23:57:29,779 subscriptions.forms _validate_business_rules 197 Very unusual cost ratio: monthly=123.00, yearly=123.00, ratio=12
INFO 2025-09-15 23:57:29,794 subscriptions.models.mixins.schedule_management reset_payments_for_new_schedule 211 Reset payments for subscription 14: deleted 3 payment records
INFO 2025-09-15 23:57:29,794 subscriptions.models.subscription save 152 Subscription 14 schedule changed; reset payments: deleted=3
INFO 2025-09-15 23:57:29,795 subscriptions.models.mixins.schedule_management refresh_billing_periods 92 Refreshing billing periods for subscription 14
INFO 2025-09-15 23:57:29,807 subscriptions.models.mixins.schedule_management refresh_billing_periods 101 Refreshed billing periods for subscription 14: 3 periods generated
INFO 2025-09-15 23:57:29,822 subscriptions.middleware process_response 66 Response: 302 for POST /subscriptions/14/edit/
INFO 2025-09-15 23:57:29,826 subscriptions.middleware process_request 58 Request: GET /subscriptions/14/
INFO 2025-09-15 23:57:29,829 subscriptions.middleware process_request 59 User: Ahmed
INFO 2025-09-15 23:57:29,829 subscriptions.middleware process_request 60 IP: 127.0.0.1
INFO 2025-09-15 23:57:29,842 subscriptions.middleware process_response 66 Response: 200 for GET /subscriptions/14/
INFO 2025-09-16 00:26:28,926 subscriptions.middleware process_request 58 Request: GET /
INFO 2025-09-16 00:26:28,929 subscriptions.middleware process_request 59 User: Ahmed
INFO 2025-09-16 00:26:28,929 subscriptions.middleware process_request 60 IP: 127.0.0.1
INFO 2025-09-16 00:26:28,935 subscriptions.middleware process_response 66 Response: 302 for GET /
INFO 2025-09-16 00:26:28,941 subscriptions.middleware process_request 58 Request: GET /dashboard/
INFO 2025-09-16 00:26:28,944 subscriptions.middleware process_request 59 User: Ahmed
INFO 2025-09-16 00:26:28,944 subscriptions.middleware process_request 60 IP: 127.0.0.1
INFO 2025-09-16 00:26:28,961 subscriptions.middleware process_response 66 Response: 200 for GET /dashboard/
INFO 2025-09-16 00:26:29,286 subscriptions.middleware process_request 58 Request: GET /favicon.ico
INFO 2025-09-16 00:26:29,289 subscriptions.middleware process_request 59 User: Ahmed
INFO 2025-09-16 00:26:29,290 subscriptions.middleware process_request 60 IP: 127.0.0.1
INFO 2025-09-16 00:26:29,298 subscriptions.middleware process_response 66 Response: 404 for GET /favicon.ico
INFO 2025-09-16 01:14:55,462 subscriptions.middleware process_request 58 Request: GET /
INFO 2025-09-16 01:14:55,464 subscriptions.middleware process_request 59 User: osama
INFO 2025-09-16 01:14:55,465 subscriptions.middleware process_request 60 IP: 127.0.0.1
INFO 2025-09-16 01:14:55,468 subscriptions.middleware process_response 66 Response: 302 for GET /
INFO 2025-09-16 01:14:55,482 subscriptions.middleware process_request 58 Request: GET /dashboard/
INFO 2025-09-16 01:14:55,485 subscriptions.middleware process_request 59 User: osama
INFO 2025-09-16 01:14:55,486 subscriptions.middleware process_request 60 IP: 127.0.0.1
INFO 2025-09-16 01:14:55,498 subscriptions.middleware process_response 66 Response: 200 for GET /dashboard/
INFO 2025-09-16 01:15:12,527 subscriptions.middleware process_request 58 Request: GET /dashboard/
INFO 2025-09-16 01:15:12,529 subscriptions.middleware process_request 59 User: Ahmed
INFO 2025-09-16 01:15:12,529 subscriptions.middleware process_request 60 IP: 127.0.0.1
INFO 2025-09-16 01:15:12,536 subscriptions.middleware process_response 66 Response: 200 for GET /dashboard/
INFO 2025-09-16 01:27:48,224 subscriptions.middleware process_request 58 Request: GET /profile/
INFO 2025-09-16 01:27:48,227 subscriptions.middleware process_request 59 User: Ahmed
INFO 2025-09-16 01:27:48,227 subscriptions.middleware process_request 60 IP: 127.0.0.1
INFO 2025-09-16 01:27:48,353 subscriptions.middleware process_response 66 Response: 404 for GET /profile/
INFO 2025-09-16 01:27:51,866 subscriptions.middleware process_request 58 Request: GET /profile/
INFO 2025-09-16 01:27:51,868 subscriptions.middleware process_request 59 User: Ahmed
INFO 2025-09-16 01:27:51,869 subscriptions.middleware process_request 60 IP: 127.0.0.1
INFO 2025-09-16 01:27:51,872 subscriptions.middleware process_response 66 Response: 404 for GET /profile/
INFO 2025-09-16 01:28:05,888 subscriptions.middleware process_request 58 Request: GET /accounts/profile/
INFO 2025-09-16 01:28:05,890 subscriptions.middleware process_request 59 User: Ahmed
INFO 2025-09-16 01:28:05,890 subscriptions.middleware process_request 60 IP: 127.0.0.1
INFO 2025-09-16 01:28:05,923 subscriptions.middleware process_response 66 Response: 200 for GET /accounts/profile/
INFO 2025-09-16 01:28:36,605 subscriptions.middleware process_request 58 Request: GET /accounts/dashboard/
INFO 2025-09-16 01:28:36,607 subscriptions.middleware process_request 59 User: Ahmed
INFO 2025-09-16 01:28:36,607 subscriptions.middleware process_request 60 IP: 127.0.0.1
INFO 2025-09-16 01:28:36,619 subscriptions.middleware process_response 66 Response: 200 for GET /accounts/dashboard/
INFO 2025-09-16 01:28:40,442 subscriptions.middleware process_request 58 Request: GET /accounts/profile/
INFO 2025-09-16 01:28:40,444 subscriptions.middleware process_request 59 User: Ahmed
INFO 2025-09-16 01:28:40,444 subscriptions.middleware process_request 60 IP: 127.0.0.1
INFO 2025-09-16 01:28:40,445 subscriptions.middleware process_response 66 Response: 200 for GET /accounts/profile/
INFO 2025-09-16 01:28:46,472 subscriptions.middleware process_request 58 Request: GET /accounts/profile/
INFO 2025-09-16 01:28:46,474 subscriptions.middleware process_request 59 User: Ahmed
INFO 2025-09-16 01:28:46,474 subscriptions.middleware process_request 60 IP: 127.0.0.1
INFO 2025-09-16 01:28:46,475 subscriptions.middleware process_response 66 Response: 200 for GET /accounts/profile/
INFO 2025-09-16 01:28:47,915 subscriptions.middleware process_request 58 Request: GET /accounts/dashboard/
INFO 2025-09-16 01:28:47,918 subscriptions.middleware process_request 59 User: Ahmed
INFO 2025-09-16 01:28:47,918 subscriptions.middleware process_request 60 IP: 127.0.0.1
INFO 2025-09-16 01:28:47,922 subscriptions.middleware process_response 66 Response: 200 for GET /accounts/dashboard/
INFO 2025-09-16 01:28:50,472 subscriptions.middleware process_request 58 Request: GET /accounts/profile/
INFO 2025-09-16 01:28:50,474 subscriptions.middleware process_request 59 User: Ahmed
INFO 2025-09-16 01:28:50,474 subscriptions.middleware process_request 60 IP: 127.0.0.1
INFO 2025-09-16 01:28:50,475 subscriptions.middleware process_response 66 Response: 200 for GET /accounts/profile/
INFO 2025-09-16 01:29:10,348 subscriptions.middleware process_request 58 Request: POST /accounts/profile/
INFO 2025-09-16 01:29:10,351 subscriptions.middleware process_request 59 User: Ahmed
INFO 2025-09-16 01:29:10,351 subscriptions.middleware process_request 60 IP: 127.0.0.1
INFO 2025-09-16 01:29:10,362 subscriptions.middleware process_response 66 Response: 302 for POST /accounts/profile/
INFO 2025-09-16 01:29:10,366 subscriptions.middleware process_request 58 Request: GET /accounts/profile/
INFO 2025-09-16 01:29:10,369 subscriptions.middleware process_request 59 User: aw
INFO 2025-09-16 01:29:10,370 subscriptions.middleware process_request 60 IP: 127.0.0.1
INFO 2025-09-16 01:29:10,371 subscriptions.middleware process_response 66 Response: 200 for GET /accounts/profile/
INFO 2025-09-16 01:30:20,899 subscriptions.middleware process_request 58 Request: POST /accounts/profile/
INFO 2025-09-16 01:30:20,904 subscriptions.middleware process_request 59 User: aw
INFO 2025-09-16 01:30:20,904 subscriptions.middleware process_request 60 IP: 127.0.0.1
INFO 2025-09-16 01:30:20,918 subscriptions.middleware process_response 66 Response: 302 for POST /accounts/profile/
INFO 2025-09-16 01:30:20,921 subscriptions.middleware process_request 58 Request: GET /accounts/profile/
INFO 2025-09-16 01:30:20,925 subscriptions.middleware process_request 59 User: awq
INFO 2025-09-16 01:30:20,925 subscriptions.middleware process_request 60 IP: 127.0.0.1
INFO 2025-09-16 01:30:20,947 subscriptions.middleware process_response 66 Response: 200 for GET /accounts/profile/
INFO 2025-09-16 01:30:52,829 subscriptions.middleware process_request 58 Request: POST /accounts/profile/
INFO 2025-09-16 01:30:52,831 subscriptions.middleware process_request 59 User: awq
INFO 2025-09-16 01:30:52,831 subscriptions.middleware process_request 60 IP: 127.0.0.1
INFO 2025-09-16 01:30:52,839 subscriptions.middleware process_response 66 Response: 302 for POST /accounts/profile/
INFO 2025-09-16 01:30:52,843 subscriptions.middleware process_request 58 Request: GET /accounts/profile/
INFO 2025-09-16 01:30:52,847 subscriptions.middleware process_request 59 User: Osama
INFO 2025-09-16 01:30:52,847 subscriptions.middleware process_request 60 IP: 127.0.0.1
INFO 2025-09-16 01:30:52,849 subscriptions.middleware process_response 66 Response: 200 for GET /accounts/profile/
INFO 2025-09-16 01:33:03,514 subscriptions.middleware process_request 58 Request: POST /accounts/profile/
INFO 2025-09-16 01:33:03,517 subscriptions.middleware process_request 59 User: Osama
INFO 2025-09-16 01:33:03,517 subscriptions.middleware process_request 60 IP: 127.0.0.1
INFO 2025-09-16 01:33:03,551 subscriptions.middleware process_response 66 Response: 200 for POST /accounts/profile/
INFO 2025-09-16 01:33:09,881 subscriptions.middleware process_request 58 Request: GET /accounts/dashboard/
INFO 2025-09-16 01:33:09,883 subscriptions.middleware process_request 59 User: Osama
INFO 2025-09-16 01:33:09,883 subscriptions.middleware process_request 60 IP: 127.0.0.1
INFO 2025-09-16 01:33:09,892 subscriptions.middleware process_response 66 Response: 200 for GET /accounts/dashboard/
INFO 2025-09-16 01:33:28,385 subscriptions.middleware process_request 58 Request: GET /accounts/dashboard/
INFO 2025-09-16 01:33:28,387 subscriptions.middleware process_request 59 User: Osama
INFO 2025-09-16 01:33:28,387 subscriptions.middleware process_request 60 IP: 127.0.0.1
INFO 2025-09-16 01:33:28,392 subscriptions.middleware process_response 66 Response: 200 for GET /accounts/dashboard/
INFO 2025-09-16 01:33:32,700 subscriptions.middleware process_request 58 Request: GET /accounts/profile/
INFO 2025-09-16 01:33:32,702 subscriptions.middleware process_request 59 User: Osama
INFO 2025-09-16 01:33:32,703 subscriptions.middleware process_request 60 IP: 127.0.0.1
INFO 2025-09-16 01:33:32,704 subscriptions.middleware process_response 66 Response: 200 for GET /accounts/profile/
INFO 2025-09-16 01:33:42,453 subscriptions.middleware process_request 58 Request: POST /accounts/profile/
INFO 2025-09-16 01:33:42,456 subscriptions.middleware process_request 59 User: Osama
INFO 2025-09-16 01:33:42,456 subscriptions.middleware process_request 60 IP: 127.0.0.1
INFO 2025-09-16 01:33:42,459 subscriptions.middleware process_response 66 Response: 200 for POST /accounts/profile/
INFO 2025-09-16 01:43:08,928 subscriptions.middleware process_request 58 Request: POST /accounts/profile/
INFO 2025-09-16 01:43:08,931 subscriptions.middleware process_request 59 User: Osama
INFO 2025-09-16 01:43:08,931 subscriptions.middleware process_request 60 IP: 127.0.0.1
INFO 2025-09-16 01:43:08,967 subscriptions.middleware process_response 66 Response: 200 for POST /accounts/profile/
INFO 2025-09-16 01:43:15,066 subscriptions.middleware process_request 58 Request: POST /api/check-username/
INFO 2025-09-16 01:43:15,068 subscriptions.middleware process_request 59 User: Osama
INFO 2025-09-16 01:43:15,068 subscriptions.middleware process_request 60 IP: 127.0.0.1
INFO 2025-09-16 01:43:15,075 subscriptions.middleware process_response 66 Response: 404 for POST /api/check-username/
INFO 2025-09-16 01:43:16,130 subscriptions.middleware process_request 58 Request: POST /api/check-username/
INFO 2025-09-16 01:43:16,132 subscriptions.middleware process_request 59 User: Osama
INFO 2025-09-16 01:43:16,132 subscriptions.middleware process_request 60 IP: 127.0.0.1
INFO 2025-09-16 01:43:16,136 subscriptions.middleware process_response 66 Response: 404 for POST /api/check-username/
INFO 2025-09-16 01:43:16,365 subscriptions.middleware process_request 58 Request: POST /accounts/profile/
INFO 2025-09-16 01:43:16,367 subscriptions.middleware process_request 59 User: Osama
INFO 2025-09-16 01:43:16,367 subscriptions.middleware process_request 60 IP: 127.0.0.1
INFO 2025-09-16 01:43:16,375 subscriptions.middleware process_response 66 Response: 302 for POST /accounts/profile/
INFO 2025-09-16 01:43:16,378 subscriptions.middleware process_request 58 Request: GET /accounts/profile/
INFO 2025-09-16 01:43:16,381 subscriptions.middleware process_request 59 User: ahmed
INFO 2025-09-16 01:43:16,381 subscriptions.middleware process_request 60 IP: 127.0.0.1
INFO 2025-09-16 01:43:16,383 subscriptions.middleware process_response 66 Response: 200 for GET /accounts/profile/
INFO 2025-09-16 01:43:24,216 subscriptions.middleware process_request 58 Request: POST /api/check-username/
INFO 2025-09-16 01:43:24,218 subscriptions.middleware process_request 59 User: ahmed
INFO 2025-09-16 01:43:24,218 subscriptions.middleware process_request 60 IP: 127.0.0.1
INFO 2025-09-16 01:43:24,222 subscriptions.middleware process_response 66 Response: 404 for POST /api/check-username/
INFO 2025-09-16 01:43:24,714 subscriptions.middleware process_request 58 Request: POST /api/check-username/
INFO 2025-09-16 01:43:24,716 subscriptions.middleware process_request 59 User: ahmed
INFO 2025-09-16 01:43:24,716 subscriptions.middleware process_request 60 IP: 127.0.0.1
INFO 2025-09-16 01:43:24,721 subscriptions.middleware process_response 66 Response: 404 for POST /api/check-username/
INFO 2025-09-16 01:43:26,774 subscriptions.middleware process_request 58 Request: POST /accounts/profile/
INFO 2025-09-16 01:43:26,776 subscriptions.middleware process_request 59 User: ahmed
INFO 2025-09-16 01:43:26,777 subscriptions.middleware process_request 60 IP: 127.0.0.1
INFO 2025-09-16 01:43:26,781 subscriptions.middleware process_response 66 Response: 200 for POST /accounts/profile/
INFO 2025-09-16 01:43:34,488 subscriptions.middleware process_request 58 Request: GET /admin/subscriptions/subscription/
INFO 2025-09-16 01:43:34,491 subscriptions.middleware process_request 59 User: osama
INFO 2025-09-16 01:43:34,491 subscriptions.middleware process_request 60 IP: 127.0.0.1
INFO 2025-09-16 01:43:34,655 subscriptions.middleware process_response 66 Response: 200 for GET /admin/subscriptions/subscription/
INFO 2025-09-16 01:43:34,666 subscriptions.middleware process_request 58 Request: GET /admin/jsi18n/
INFO 2025-09-16 01:43:34,669 subscriptions.middleware process_request 59 User: osama
INFO 2025-09-16 01:43:34,669 subscriptions.middleware process_request 60 IP: 127.0.0.1
INFO 2025-09-16 01:43:34,671 subscriptions.middleware process_response 66 Response: 200 for GET /admin/jsi18n/
INFO 2025-09-16 01:43:37,003 subscriptions.middleware process_request 58 Request: GET /admin/auth/user/
INFO 2025-09-16 01:43:37,006 subscriptions.middleware process_request 59 User: osama
INFO 2025-09-16 01:43:37,006 subscriptions.middleware process_request 60 IP: 127.0.0.1
INFO 2025-09-16 01:43:37,018 subscriptions.middleware process_response 66 Response: 200 for GET /admin/auth/user/
INFO 2025-09-16 01:43:37,030 subscriptions.middleware process_request 58 Request: GET /admin/jsi18n/
INFO 2025-09-16 01:43:37,033 subscriptions.middleware process_request 59 User: osama
INFO 2025-09-16 01:43:37,034 subscriptions.middleware process_request 60 IP: 127.0.0.1
INFO 2025-09-16 01:43:37,035 subscriptions.middleware process_response 66 Response: 200 for GET /admin/jsi18n/
INFO 2025-09-16 01:43:41,396 subscriptions.middleware process_request 58 Request: GET /admin/auth/user/
INFO 2025-09-16 01:43:41,398 subscriptions.middleware process_request 59 User: osama
INFO 2025-09-16 01:43:41,398 subscriptions.middleware process_request 60 IP: 127.0.0.1
INFO 2025-09-16 01:43:41,407 subscriptions.middleware process_response 66 Response: 200 for GET /admin/auth/user/
INFO 2025-09-16 01:43:41,418 subscriptions.middleware process_request 58 Request: GET /admin/jsi18n/
INFO 2025-09-16 01:43:41,420 subscriptions.middleware process_request 59 User: osama
INFO 2025-09-16 01:43:41,420 subscriptions.middleware process_request 60 IP: 127.0.0.1
INFO 2025-09-16 01:43:41,421 subscriptions.middleware process_response 66 Response: 200 for GET /admin/jsi18n/
INFO 2025-09-16 01:43:55,266 subscriptions.middleware process_request 58 Request: POST /api/check-username/
INFO 2025-09-16 01:43:55,269 subscriptions.middleware process_request 59 User: ahmed
INFO 2025-09-16 01:43:55,269 subscriptions.middleware process_request 60 IP: 127.0.0.1
INFO 2025-09-16 01:43:55,273 subscriptions.middleware process_response 66 Response: 404 for POST /api/check-username/
INFO 2025-09-16 01:43:56,301 subscriptions.middleware process_request 58 Request: POST /api/check-username/
INFO 2025-09-16 01:43:56,303 subscriptions.middleware process_request 59 User: ahmed
INFO 2025-09-16 01:43:56,303 subscriptions.middleware process_request 60 IP: 127.0.0.1
INFO 2025-09-16 01:43:56,307 subscriptions.middleware process_response 66 Response: 404 for POST /api/check-username/
INFO 2025-09-16 01:43:56,531 subscriptions.middleware process_request 58 Request: POST /accounts/profile/
INFO 2025-09-16 01:43:56,533 subscriptions.middleware process_request 59 User: ahmed
INFO 2025-09-16 01:43:56,533 subscriptions.middleware process_request 60 IP: 127.0.0.1
INFO 2025-09-16 01:43:56,537 subscriptions.middleware process_response 66 Response: 200 for POST /accounts/profile/
INFO 2025-09-16 02:03:52,524 subscriptions.middleware process_request 58 Request: GET /accounts/dashboard/
INFO 2025-09-16 02:03:52,528 subscriptions.middleware process_request 59 User: ahmed
INFO 2025-09-16 02:03:52,528 subscriptions.middleware process_request 60 IP: 127.0.0.1
INFO 2025-09-16 02:03:52,551 subscriptions.middleware process_response 66 Response: 200 for GET /accounts/dashboard/
INFO 2025-09-16 02:04:57,067 subscriptions.middleware process_request 58 Request: GET /subscriptions/14/edit/
INFO 2025-09-16 02:04:57,070 subscriptions.middleware process_request 59 User: ahmed
INFO 2025-09-16 02:04:57,070 subscriptions.middleware process_request 60 IP: 127.0.0.1
INFO 2025-09-16 02:04:57,101 subscriptions.middleware process_response 66 Response: 200 for GET /subscriptions/14/edit/
INFO 2025-09-16 02:05:06,901 subscriptions.middleware process_request 58 Request: GET /accounts/dashboard/
INFO 2025-09-16 02:05:06,904 subscriptions.middleware process_request 59 User: ahmed
INFO 2025-09-16 02:05:06,904 subscriptions.middleware process_request 60 IP: 127.0.0.1
INFO 2025-09-16 02:05:06,912 subscriptions.middleware process_response 66 Response: 200 for GET /accounts/dashboard/
INFO 2025-09-16 02:05:08,708 subscriptions.middleware process_request 58 Request: GET /accounts/dashboard/
INFO 2025-09-16 02:05:08,710 subscriptions.middleware process_request 59 User: ahmed
INFO 2025-09-16 02:05:08,710 subscriptions.middleware process_request 60 IP: 127.0.0.1
INFO 2025-09-16 02:05:08,714 subscriptions.middleware process_response 66 Response: 200 for GET /accounts/dashboard/
INFO 2025-09-16 02:05:10,528 subscriptions.middleware process_request 58 Request: GET /subscriptions/
INFO 2025-09-16 02:05:10,530 subscriptions.middleware process_request 59 User: ahmed
INFO 2025-09-16 02:05:10,530 subscriptions.middleware process_request 60 IP: 127.0.0.1
INFO 2025-09-16 02:05:10,541 subscriptions.middleware process_response 66 Response: 200 for GET /subscriptions/
INFO 2025-09-16 02:05:14,819 subscriptions.middleware process_request 58 Request: POST /subscriptions/14/delete/
INFO 2025-09-16 02:05:14,821 subscriptions.middleware process_request 59 User: ahmed
INFO 2025-09-16 02:05:14,821 subscriptions.middleware process_request 60 IP: 127.0.0.1
INFO 2025-09-16 02:05:14,849 subscriptions.middleware process_response 66 Response: 302 for POST /subscriptions/14/delete/
INFO 2025-09-16 02:05:14,852 subscriptions.middleware process_request 58 Request: GET /subscriptions/
INFO 2025-09-16 02:05:14,858 subscriptions.middleware process_request 59 User: ahmed
INFO 2025-09-16 02:05:14,858 subscriptions.middleware process_request 60 IP: 127.0.0.1
INFO 2025-09-16 02:05:14,868 subscriptions.middleware process_response 66 Response: 200 for GET /subscriptions/
INFO 2025-09-16 02:05:19,010 subscriptions.middleware process_request 58 Request: POST /subscriptions/13/delete/
INFO 2025-09-16 02:05:19,013 subscriptions.middleware process_request 59 User: ahmed
INFO 2025-09-16 02:05:19,014 subscriptions.middleware process_request 60 IP: 127.0.0.1
INFO 2025-09-16 02:05:19,025 subscriptions.middleware process_response 66 Response: 302 for POST /subscriptions/13/delete/
INFO 2025-09-16 02:05:19,029 subscriptions.middleware process_request 58 Request: GET /subscriptions/
INFO 2025-09-16 02:05:19,034 subscriptions.middleware process_request 59 User: ahmed
INFO 2025-09-16 02:05:19,034 subscriptions.middleware process_request 60 IP: 127.0.0.1
INFO 2025-09-16 02:05:19,043 subscriptions.middleware process_response 66 Response: 200 for GET /subscriptions/
INFO 2025-09-16 02:05:21,796 subscriptions.middleware process_request 58 Request: GET /accounts/dashboard/
INFO 2025-09-16 02:05:21,798 subscriptions.middleware process_request 59 User: ahmed
INFO 2025-09-16 02:05:21,798 subscriptions.middleware process_request 60 IP: 127.0.0.1
INFO 2025-09-16 02:05:21,803 subscriptions.middleware process_response 66 Response: 200 for GET /accounts/dashboard/
INFO 2025-09-16 02:07:18,886 subscriptions.middleware process_request 58 Request: GET /accounts/dashboard/
INFO 2025-09-16 02:07:18,889 subscriptions.middleware process_request 59 User: ahmed
INFO 2025-09-16 02:07:18,889 subscriptions.middleware process_request 60 IP: 127.0.0.1
INFO 2025-09-16 02:07:18,897 subscriptions.middleware process_response 66 Response: 200 for GET /accounts/dashboard/
INFO 2025-09-16 02:07:23,347 subscriptions.middleware process_request 58 Request: POST /subscriptions/12/delete/
INFO 2025-09-16 02:07:23,349 subscriptions.middleware process_request 59 User: ahmed
INFO 2025-09-16 02:07:23,349 subscriptions.middleware process_request 60 IP: 127.0.0.1
INFO 2025-09-16 02:07:23,356 subscriptions.middleware process_response 66 Response: 302 for POST /subscriptions/12/delete/
INFO 2025-09-16 02:07:23,358 subscriptions.middleware process_request 58 Request: GET /subscriptions/
INFO 2025-09-16 02:07:23,361 subscriptions.middleware process_request 59 User: ahmed
INFO 2025-09-16 02:07:23,361 subscriptions.middleware process_request 60 IP: 127.0.0.1
INFO 2025-09-16 02:07:23,371 subscriptions.middleware process_response 66 Response: 200 for GET /subscriptions/
INFO 2025-09-16 02:07:32,364 subscriptions.middleware process_request 58 Request: GET /accounts/dashboard/
INFO 2025-09-16 02:07:32,367 subscriptions.middleware process_request 59 User: ahmed
INFO 2025-09-16 02:07:32,367 subscriptions.middleware process_request 60 IP: 127.0.0.1
ERROR 2025-09-16 02:07:32,370 subscriptions.middleware process_exception 24 Unhandled exception in /accounts/dashboard/: Invalid block tag on line 120: 'endblock', expected 'endwith'. Did you forget to register or load this tag?
ERROR 2025-09-16 02:07:32,370 subscriptions.middleware process_exception 25 Request method: GET
ERROR 2025-09-16 02:07:32,370 subscriptions.middleware process_exception 26 Request user: ahmed
ERROR 2025-09-16 02:07:32,473 subscriptions.middleware process_exception 27 Traceback: Traceback (most recent call last):
  File "C:\Python-Projects\subscriptions-system\venv\Lib\site-packages\django\template\base.py", line 505, in parse
    compile_func = self.tags[command]
                   ~~~~~~~~~^^^^^^^^^
KeyError: 'endblock'

During handling of the above exception, another exception occurred:

Traceback (most recent call last):
  File "C:\Python-Projects\subscriptions-system\venv\Lib\site-packages\django\core\handlers\base.py", line 197, in _get_response
    response = wrapped_callback(request, *callback_args, **callback_kwargs)
  File "C:\Python-Projects\subscriptions-system\venv\Lib\site-packages\django\contrib\auth\decorators.py", line 23, in _wrapper_view
    return view_func(request, *args, **kwargs)
  File "C:\Python-Projects\subscriptions-system\subscriptions_management_project\accounts\views.py", line 100, in dashboard
    return render(request, 'dashboard.html', context)
  File "C:\Python-Projects\subscriptions-system\venv\Lib\site-packages\django\shortcuts.py", line 24, in render
    content = loader.render_to_string(template_name, context, request, using=using)
  File "C:\Python-Projects\subscriptions-system\venv\Lib\site-packages\django\template\loader.py", line 61, in render_to_string
    template = get_template(template_name, using=using)
  File "C:\Python-Projects\subscriptions-system\venv\Lib\site-packages\django\template\loader.py", line 15, in get_template
    return engine.get_template(template_name)
           ~~~~~~~~~~~~~~~~~~~^^^^^^^^^^^^^^^
  File "C:\Python-Projects\subscriptions-system\venv\Lib\site-packages\django\template\backends\django.py", line 33, in get_template
    return Template(self.engine.get_template(template_name), self)
                    ~~~~~~~~~~~~~~~~~~~~~~~~^^^^^^^^^^^^^^^
  File "C:\Python-Projects\subscriptions-system\venv\Lib\site-packages\django\template\engine.py", line 175, in get_template
    template, origin = self.find_template(template_name)
                       ~~~~~~~~~~~~~~~~~~^^^^^^^^^^^^^^^
  File "C:\Python-Projects\subscriptions-system\venv\Lib\site-packages\django\template\engine.py", line 157, in find_template
    template = loader.get_template(name, skip=skip)
  File "C:\Python-Projects\subscriptions-system\venv\Lib\site-packages\django\template\loaders\cached.py", line 57, in get_template
    template = super().get_template(template_name, skip)
  File "C:\Python-Projects\subscriptions-system\venv\Lib\site-packages\django\template\loaders\base.py", line 28, in get_template
    return Template(
        contents,
    ...<2 lines>...
        self.engine,
    )
  File "C:\Python-Projects\subscriptions-system\venv\Lib\site-packages\django\template\base.py", line 154, in __init__
    self.nodelist = self.compile_nodelist()
                    ~~~~~~~~~~~~~~~~~~~~~^^
  File "C:\Python-Projects\subscriptions-system\venv\Lib\site-packages\django\template\base.py", line 200, in compile_nodelist
    return parser.parse()
           ~~~~~~~~~~~~^^
  File "C:\Python-Projects\subscriptions-system\venv\Lib\site-packages\django\template\base.py", line 513, in parse
    raise self.error(token, e)
  File "C:\Python-Projects\subscriptions-system\venv\Lib\site-packages\django\template\base.py", line 511, in parse
    compiled_result = compile_func(self, token)
  File "C:\Python-Projects\subscriptions-system\venv\Lib\site-packages\django\template\loader_tags.py", line 293, in do_extends
    nodelist = parser.parse()
  File "C:\Python-Projects\subscriptions-system\venv\Lib\site-packages\django\template\base.py", line 513, in parse
    raise self.error(token, e)
  File "C:\Python-Projects\subscriptions-system\venv\Lib\site-packages\django\template\base.py", line 511, in parse
    compiled_result = compile_func(self, token)
  File "C:\Python-Projects\subscriptions-system\venv\Lib\site-packages\django\template\loader_tags.py", line 232, in do_block
    nodelist = parser.parse(("endblock",))
  File "C:\Python-Projects\subscriptions-system\venv\Lib\site-packages\django\template\base.py", line 513, in parse
    raise self.error(token, e)
  File "C:\Python-Projects\subscriptions-system\venv\Lib\site-packages\django\template\base.py", line 511, in parse
    compiled_result = compile_func(self, token)
  File "C:\Python-Projects\subscriptions-system\venv\Lib\site-packages\django\template\defaulttags.py", line 1491, in do_with
    nodelist = parser.parse(("endwith",))
  File "C:\Python-Projects\subscriptions-system\venv\Lib\site-packages\django\template\base.py", line 507, in parse
    self.invalid_block_tag(token, command, parse_until)
    ~~~~~~~~~~~~~~~~~~~~~~^^^^^^^^^^^^^^^^^^^^^^^^^^^^^
  File "C:\Python-Projects\subscriptions-system\venv\Lib\site-packages\django\template\base.py", line 558, in invalid_block_tag
    raise self.error(
    ...<8 lines>...
    )
django.template.exceptions.TemplateSyntaxError: Invalid block tag on line 120: 'endblock', expected 'endwith'. Did you forget to register or load this tag?

INFO 2025-09-16 02:07:32,474 subscriptions.middleware process_response 66 Response: 500 for GET /accounts/dashboard/
INFO 2025-09-16 02:07:36,874 subscriptions.middleware process_request 58 Request: GET /accounts/dashboard/
INFO 2025-09-16 02:07:36,876 subscriptions.middleware process_request 59 User: ahmed
INFO 2025-09-16 02:07:36,876 subscriptions.middleware process_request 60 IP: 127.0.0.1
ERROR 2025-09-16 02:07:36,879 subscriptions.middleware process_exception 24 Unhandled exception in /accounts/dashboard/: Invalid block tag on line 120: 'endblock', expected 'endwith'. Did you forget to register or load this tag?
ERROR 2025-09-16 02:07:36,879 subscriptions.middleware process_exception 25 Request method: GET
ERROR 2025-09-16 02:07:36,879 subscriptions.middleware process_exception 26 Request user: ahmed
ERROR 2025-09-16 02:07:36,883 subscriptions.middleware process_exception 27 Traceback: Traceback (most recent call last):
  File "C:\Python-Projects\subscriptions-system\venv\Lib\site-packages\django\template\base.py", line 505, in parse
    compile_func = self.tags[command]
                   ~~~~~~~~~^^^^^^^^^
KeyError: 'endblock'

During handling of the above exception, another exception occurred:

Traceback (most recent call last):
  File "C:\Python-Projects\subscriptions-system\venv\Lib\site-packages\django\core\handlers\base.py", line 197, in _get_response
    response = wrapped_callback(request, *callback_args, **callback_kwargs)
  File "C:\Python-Projects\subscriptions-system\venv\Lib\site-packages\django\contrib\auth\decorators.py", line 23, in _wrapper_view
    return view_func(request, *args, **kwargs)
  File "C:\Python-Projects\subscriptions-system\subscriptions_management_project\accounts\views.py", line 100, in dashboard
    return render(request, 'dashboard.html', context)
  File "C:\Python-Projects\subscriptions-system\venv\Lib\site-packages\django\shortcuts.py", line 24, in render
    content = loader.render_to_string(template_name, context, request, using=using)
  File "C:\Python-Projects\subscriptions-system\venv\Lib\site-packages\django\template\loader.py", line 61, in render_to_string
    template = get_template(template_name, using=using)
  File "C:\Python-Projects\subscriptions-system\venv\Lib\site-packages\django\template\loader.py", line 15, in get_template
    return engine.get_template(template_name)
           ~~~~~~~~~~~~~~~~~~~^^^^^^^^^^^^^^^
  File "C:\Python-Projects\subscriptions-system\venv\Lib\site-packages\django\template\backends\django.py", line 33, in get_template
    return Template(self.engine.get_template(template_name), self)
                    ~~~~~~~~~~~~~~~~~~~~~~~~^^^^^^^^^^^^^^^
  File "C:\Python-Projects\subscriptions-system\venv\Lib\site-packages\django\template\engine.py", line 175, in get_template
    template, origin = self.find_template(template_name)
                       ~~~~~~~~~~~~~~~~~~^^^^^^^^^^^^^^^
  File "C:\Python-Projects\subscriptions-system\venv\Lib\site-packages\django\template\engine.py", line 157, in find_template
    template = loader.get_template(name, skip=skip)
  File "C:\Python-Projects\subscriptions-system\venv\Lib\site-packages\django\template\loaders\cached.py", line 57, in get_template
    template = super().get_template(template_name, skip)
  File "C:\Python-Projects\subscriptions-system\venv\Lib\site-packages\django\template\loaders\base.py", line 28, in get_template
    return Template(
        contents,
    ...<2 lines>...
        self.engine,
    )
  File "C:\Python-Projects\subscriptions-system\venv\Lib\site-packages\django\template\base.py", line 154, in __init__
    self.nodelist = self.compile_nodelist()
                    ~~~~~~~~~~~~~~~~~~~~~^^
  File "C:\Python-Projects\subscriptions-system\venv\Lib\site-packages\django\template\base.py", line 200, in compile_nodelist
    return parser.parse()
           ~~~~~~~~~~~~^^
  File "C:\Python-Projects\subscriptions-system\venv\Lib\site-packages\django\template\base.py", line 513, in parse
    raise self.error(token, e)
  File "C:\Python-Projects\subscriptions-system\venv\Lib\site-packages\django\template\base.py", line 511, in parse
    compiled_result = compile_func(self, token)
  File "C:\Python-Projects\subscriptions-system\venv\Lib\site-packages\django\template\loader_tags.py", line 293, in do_extends
    nodelist = parser.parse()
  File "C:\Python-Projects\subscriptions-system\venv\Lib\site-packages\django\template\base.py", line 513, in parse
    raise self.error(token, e)
  File "C:\Python-Projects\subscriptions-system\venv\Lib\site-packages\django\template\base.py", line 511, in parse
    compiled_result = compile_func(self, token)
  File "C:\Python-Projects\subscriptions-system\venv\Lib\site-packages\django\template\loader_tags.py", line 232, in do_block
    nodelist = parser.parse(("endblock",))
  File "C:\Python-Projects\subscriptions-system\venv\Lib\site-packages\django\template\base.py", line 513, in parse
    raise self.error(token, e)
  File "C:\Python-Projects\subscriptions-system\venv\Lib\site-packages\django\template\base.py", line 511, in parse
    compiled_result = compile_func(self, token)
  File "C:\Python-Projects\subscriptions-system\venv\Lib\site-packages\django\template\defaulttags.py", line 1491, in do_with
    nodelist = parser.parse(("endwith",))
  File "C:\Python-Projects\subscriptions-system\venv\Lib\site-packages\django\template\base.py", line 507, in parse
    self.invalid_block_tag(token, command, parse_until)
    ~~~~~~~~~~~~~~~~~~~~~~^^^^^^^^^^^^^^^^^^^^^^^^^^^^^
  File "C:\Python-Projects\subscriptions-system\venv\Lib\site-packages\django\template\base.py", line 558, in invalid_block_tag
    raise self.error(
    ...<8 lines>...
    )
django.template.exceptions.TemplateSyntaxError: Invalid block tag on line 120: 'endblock', expected 'endwith'. Did you forget to register or load this tag?

INFO 2025-09-16 02:07:36,884 subscriptions.middleware process_response 66 Response: 500 for GET /accounts/dashboard/
INFO 2025-09-16 02:07:45,318 subscriptions.middleware process_request 58 Request: GET /accounts/dashboard/
INFO 2025-09-16 02:07:45,321 subscriptions.middleware process_request 59 User: ahmed
INFO 2025-09-16 02:07:45,321 subscriptions.middleware process_request 60 IP: 127.0.0.1
ERROR 2025-09-16 02:07:45,327 subscriptions.middleware process_exception 24 Unhandled exception in /accounts/dashboard/: Invalid block tag on line 120: 'endblock', expected 'endwith'. Did you forget to register or load this tag?
ERROR 2025-09-16 02:07:45,327 subscriptions.middleware process_exception 25 Request method: GET
ERROR 2025-09-16 02:07:45,327 subscriptions.middleware process_exception 26 Request user: ahmed
ERROR 2025-09-16 02:07:45,331 subscriptions.middleware process_exception 27 Traceback: Traceback (most recent call last):
  File "C:\Python-Projects\subscriptions-system\venv\Lib\site-packages\django\template\base.py", line 505, in parse
    compile_func = self.tags[command]
                   ~~~~~~~~~^^^^^^^^^
KeyError: 'endblock'

During handling of the above exception, another exception occurred:

Traceback (most recent call last):
  File "C:\Python-Projects\subscriptions-system\venv\Lib\site-packages\django\core\handlers\base.py", line 197, in _get_response
    response = wrapped_callback(request, *callback_args, **callback_kwargs)
  File "C:\Python-Projects\subscriptions-system\venv\Lib\site-packages\django\contrib\auth\decorators.py", line 23, in _wrapper_view
    return view_func(request, *args, **kwargs)
  File "C:\Python-Projects\subscriptions-system\subscriptions_management_project\accounts\views.py", line 100, in dashboard
    return render(request, 'dashboard.html', context)
  File "C:\Python-Projects\subscriptions-system\venv\Lib\site-packages\django\shortcuts.py", line 24, in render
    content = loader.render_to_string(template_name, context, request, using=using)
  File "C:\Python-Projects\subscriptions-system\venv\Lib\site-packages\django\template\loader.py", line 61, in render_to_string
    template = get_template(template_name, using=using)
  File "C:\Python-Projects\subscriptions-system\venv\Lib\site-packages\django\template\loader.py", line 15, in get_template
    return engine.get_template(template_name)
           ~~~~~~~~~~~~~~~~~~~^^^^^^^^^^^^^^^
  File "C:\Python-Projects\subscriptions-system\venv\Lib\site-packages\django\template\backends\django.py", line 33, in get_template
    return Template(self.engine.get_template(template_name), self)
                    ~~~~~~~~~~~~~~~~~~~~~~~~^^^^^^^^^^^^^^^
  File "C:\Python-Projects\subscriptions-system\venv\Lib\site-packages\django\template\engine.py", line 175, in get_template
    template, origin = self.find_template(template_name)
                       ~~~~~~~~~~~~~~~~~~^^^^^^^^^^^^^^^
  File "C:\Python-Projects\subscriptions-system\venv\Lib\site-packages\django\template\engine.py", line 157, in find_template
    template = loader.get_template(name, skip=skip)
  File "C:\Python-Projects\subscriptions-system\venv\Lib\site-packages\django\template\loaders\cached.py", line 57, in get_template
    template = super().get_template(template_name, skip)
  File "C:\Python-Projects\subscriptions-system\venv\Lib\site-packages\django\template\loaders\base.py", line 28, in get_template
    return Template(
        contents,
    ...<2 lines>...
        self.engine,
    )
  File "C:\Python-Projects\subscriptions-system\venv\Lib\site-packages\django\template\base.py", line 154, in __init__
    self.nodelist = self.compile_nodelist()
                    ~~~~~~~~~~~~~~~~~~~~~^^
  File "C:\Python-Projects\subscriptions-system\venv\Lib\site-packages\django\template\base.py", line 200, in compile_nodelist
    return parser.parse()
           ~~~~~~~~~~~~^^
  File "C:\Python-Projects\subscriptions-system\venv\Lib\site-packages\django\template\base.py", line 513, in parse
    raise self.error(token, e)
  File "C:\Python-Projects\subscriptions-system\venv\Lib\site-packages\django\template\base.py", line 511, in parse
    compiled_result = compile_func(self, token)
  File "C:\Python-Projects\subscriptions-system\venv\Lib\site-packages\django\template\loader_tags.py", line 293, in do_extends
    nodelist = parser.parse()
  File "C:\Python-Projects\subscriptions-system\venv\Lib\site-packages\django\template\base.py", line 513, in parse
    raise self.error(token, e)
  File "C:\Python-Projects\subscriptions-system\venv\Lib\site-packages\django\template\base.py", line 511, in parse
    compiled_result = compile_func(self, token)
  File "C:\Python-Projects\subscriptions-system\venv\Lib\site-packages\django\template\loader_tags.py", line 232, in do_block
    nodelist = parser.parse(("endblock",))
  File "C:\Python-Projects\subscriptions-system\venv\Lib\site-packages\django\template\base.py", line 513, in parse
    raise self.error(token, e)
  File "C:\Python-Projects\subscriptions-system\venv\Lib\site-packages\django\template\base.py", line 511, in parse
    compiled_result = compile_func(self, token)
  File "C:\Python-Projects\subscriptions-system\venv\Lib\site-packages\django\template\defaulttags.py", line 1491, in do_with
    nodelist = parser.parse(("endwith",))
  File "C:\Python-Projects\subscriptions-system\venv\Lib\site-packages\django\template\base.py", line 507, in parse
    self.invalid_block_tag(token, command, parse_until)
    ~~~~~~~~~~~~~~~~~~~~~~^^^^^^^^^^^^^^^^^^^^^^^^^^^^^
  File "C:\Python-Projects\subscriptions-system\venv\Lib\site-packages\django\template\base.py", line 558, in invalid_block_tag
    raise self.error(
    ...<8 lines>...
    )
django.template.exceptions.TemplateSyntaxError: Invalid block tag on line 120: 'endblock', expected 'endwith'. Did you forget to register or load this tag?

INFO 2025-09-16 02:07:45,332 subscriptions.middleware process_response 66 Response: 500 for GET /accounts/dashboard/
INFO 2025-09-16 02:07:49,558 subscriptions.middleware process_request 58 Request: GET /subscriptions/
INFO 2025-09-16 02:07:49,560 subscriptions.middleware process_request 59 User: ahmed
INFO 2025-09-16 02:07:49,560 subscriptions.middleware process_request 60 IP: 127.0.0.1
INFO 2025-09-16 02:07:49,567 subscriptions.middleware process_response 66 Response: 200 for GET /subscriptions/
INFO 2025-09-16 02:07:51,008 subscriptions.middleware process_request 58 Request: GET /subscriptions/add/
INFO 2025-09-16 02:07:51,010 subscriptions.middleware process_request 59 User: ahmed
INFO 2025-09-16 02:07:51,010 subscriptions.middleware process_request 60 IP: 127.0.0.1
INFO 2025-09-16 02:07:51,021 subscriptions.middleware process_response 66 Response: 200 for GET /subscriptions/add/
INFO 2025-09-16 02:07:57,680 subscriptions.middleware process_request 58 Request: POST /subscriptions/11/delete/
INFO 2025-09-16 02:07:57,682 subscriptions.middleware process_request 59 User: ahmed
INFO 2025-09-16 02:07:57,683 subscriptions.middleware process_request 60 IP: 127.0.0.1
INFO 2025-09-16 02:07:57,689 subscriptions.middleware process_response 66 Response: 302 for POST /subscriptions/11/delete/
INFO 2025-09-16 02:07:57,692 subscriptions.middleware process_request 58 Request: GET /subscriptions/
INFO 2025-09-16 02:07:57,695 subscriptions.middleware process_request 59 User: ahmed
INFO 2025-09-16 02:07:57,695 subscriptions.middleware process_request 60 IP: 127.0.0.1
INFO 2025-09-16 02:07:57,701 subscriptions.middleware process_response 66 Response: 200 for GET /subscriptions/
INFO 2025-09-16 02:07:59,286 subscriptions.middleware process_request 58 Request: GET /accounts/dashboard/
INFO 2025-09-16 02:07:59,289 subscriptions.middleware process_request 59 User: ahmed
INFO 2025-09-16 02:07:59,289 subscriptions.middleware process_request 60 IP: 127.0.0.1
ERROR 2025-09-16 02:07:59,291 subscriptions.middleware process_exception 24 Unhandled exception in /accounts/dashboard/: Invalid block tag on line 120: 'endblock', expected 'endwith'. Did you forget to register or load this tag?
ERROR 2025-09-16 02:07:59,292 subscriptions.middleware process_exception 25 Request method: GET
ERROR 2025-09-16 02:07:59,292 subscriptions.middleware process_exception 26 Request user: ahmed
ERROR 2025-09-16 02:07:59,295 subscriptions.middleware process_exception 27 Traceback: Traceback (most recent call last):
  File "C:\Python-Projects\subscriptions-system\venv\Lib\site-packages\django\template\base.py", line 505, in parse
    compile_func = self.tags[command]
                   ~~~~~~~~~^^^^^^^^^
KeyError: 'endblock'

During handling of the above exception, another exception occurred:

Traceback (most recent call last):
  File "C:\Python-Projects\subscriptions-system\venv\Lib\site-packages\django\core\handlers\base.py", line 197, in _get_response
    response = wrapped_callback(request, *callback_args, **callback_kwargs)
  File "C:\Python-Projects\subscriptions-system\venv\Lib\site-packages\django\contrib\auth\decorators.py", line 23, in _wrapper_view
    return view_func(request, *args, **kwargs)
  File "C:\Python-Projects\subscriptions-system\subscriptions_management_project\accounts\views.py", line 100, in dashboard
    return render(request, 'dashboard.html', context)
  File "C:\Python-Projects\subscriptions-system\venv\Lib\site-packages\django\shortcuts.py", line 24, in render
    content = loader.render_to_string(template_name, context, request, using=using)
  File "C:\Python-Projects\subscriptions-system\venv\Lib\site-packages\django\template\loader.py", line 61, in render_to_string
    template = get_template(template_name, using=using)
  File "C:\Python-Projects\subscriptions-system\venv\Lib\site-packages\django\template\loader.py", line 15, in get_template
    return engine.get_template(template_name)
           ~~~~~~~~~~~~~~~~~~~^^^^^^^^^^^^^^^
  File "C:\Python-Projects\subscriptions-system\venv\Lib\site-packages\django\template\backends\django.py", line 33, in get_template
    return Template(self.engine.get_template(template_name), self)
                    ~~~~~~~~~~~~~~~~~~~~~~~~^^^^^^^^^^^^^^^
  File "C:\Python-Projects\subscriptions-system\venv\Lib\site-packages\django\template\engine.py", line 175, in get_template
    template, origin = self.find_template(template_name)
                       ~~~~~~~~~~~~~~~~~~^^^^^^^^^^^^^^^
  File "C:\Python-Projects\subscriptions-system\venv\Lib\site-packages\django\template\engine.py", line 157, in find_template
    template = loader.get_template(name, skip=skip)
  File "C:\Python-Projects\subscriptions-system\venv\Lib\site-packages\django\template\loaders\cached.py", line 57, in get_template
    template = super().get_template(template_name, skip)
  File "C:\Python-Projects\subscriptions-system\venv\Lib\site-packages\django\template\loaders\base.py", line 28, in get_template
    return Template(
        contents,
    ...<2 lines>...
        self.engine,
    )
  File "C:\Python-Projects\subscriptions-system\venv\Lib\site-packages\django\template\base.py", line 154, in __init__
    self.nodelist = self.compile_nodelist()
                    ~~~~~~~~~~~~~~~~~~~~~^^
  File "C:\Python-Projects\subscriptions-system\venv\Lib\site-packages\django\template\base.py", line 200, in compile_nodelist
    return parser.parse()
           ~~~~~~~~~~~~^^
  File "C:\Python-Projects\subscriptions-system\venv\Lib\site-packages\django\template\base.py", line 513, in parse
    raise self.error(token, e)
  File "C:\Python-Projects\subscriptions-system\venv\Lib\site-packages\django\template\base.py", line 511, in parse
    compiled_result = compile_func(self, token)
  File "C:\Python-Projects\subscriptions-system\venv\Lib\site-packages\django\template\loader_tags.py", line 293, in do_extends
    nodelist = parser.parse()
  File "C:\Python-Projects\subscriptions-system\venv\Lib\site-packages\django\template\base.py", line 513, in parse
    raise self.error(token, e)
  File "C:\Python-Projects\subscriptions-system\venv\Lib\site-packages\django\template\base.py", line 511, in parse
    compiled_result = compile_func(self, token)
  File "C:\Python-Projects\subscriptions-system\venv\Lib\site-packages\django\template\loader_tags.py", line 232, in do_block
    nodelist = parser.parse(("endblock",))
  File "C:\Python-Projects\subscriptions-system\venv\Lib\site-packages\django\template\base.py", line 513, in parse
    raise self.error(token, e)
  File "C:\Python-Projects\subscriptions-system\venv\Lib\site-packages\django\template\base.py", line 511, in parse
    compiled_result = compile_func(self, token)
  File "C:\Python-Projects\subscriptions-system\venv\Lib\site-packages\django\template\defaulttags.py", line 1491, in do_with
    nodelist = parser.parse(("endwith",))
  File "C:\Python-Projects\subscriptions-system\venv\Lib\site-packages\django\template\base.py", line 507, in parse
    self.invalid_block_tag(token, command, parse_until)
    ~~~~~~~~~~~~~~~~~~~~~~^^^^^^^^^^^^^^^^^^^^^^^^^^^^^
  File "C:\Python-Projects\subscriptions-system\venv\Lib\site-packages\django\template\base.py", line 558, in invalid_block_tag
    raise self.error(
    ...<8 lines>...
    )
django.template.exceptions.TemplateSyntaxError: Invalid block tag on line 120: 'endblock', expected 'endwith'. Did you forget to register or load this tag?

INFO 2025-09-16 02:07:59,296 subscriptions.middleware process_response 66 Response: 500 for GET /accounts/dashboard/
INFO 2025-09-16 02:08:42,545 subscriptions.middleware process_request 58 Request: GET /accounts/dashboard/
INFO 2025-09-16 02:08:42,547 subscriptions.middleware process_request 59 User: ahmed
INFO 2025-09-16 02:08:42,548 subscriptions.middleware process_request 60 IP: 127.0.0.1
INFO 2025-09-16 02:08:42,556 subscriptions.middleware process_response 66 Response: 200 for GET /accounts/dashboard/
INFO 2025-09-16 02:08:50,242 subscriptions.middleware process_request 58 Request: POST /subscriptions/8/delete/
INFO 2025-09-16 02:08:50,245 subscriptions.middleware process_request 59 User: ahmed
INFO 2025-09-16 02:08:50,245 subscriptions.middleware process_request 60 IP: 127.0.0.1
INFO 2025-09-16 02:08:50,252 subscriptions.middleware process_response 66 Response: 302 for POST /subscriptions/8/delete/
INFO 2025-09-16 02:08:50,255 subscriptions.middleware process_request 58 Request: GET /subscriptions/
INFO 2025-09-16 02:08:50,259 subscriptions.middleware process_request 59 User: ahmed
INFO 2025-09-16 02:08:50,259 subscriptions.middleware process_request 60 IP: 127.0.0.1
INFO 2025-09-16 02:08:50,265 subscriptions.middleware process_response 66 Response: 200 for GET /subscriptions/
INFO 2025-09-16 02:12:49,161 subscriptions.middleware process_request 58 Request: POST /subscriptions/6/delete/
INFO 2025-09-16 02:12:49,164 subscriptions.middleware process_request 59 User: ahmed
INFO 2025-09-16 02:12:49,164 subscriptions.middleware process_request 60 IP: 127.0.0.1
INFO 2025-09-16 02:12:49,179 subscriptions.middleware process_response 66 Response: 302 for POST /subscriptions/6/delete/
INFO 2025-09-16 02:12:49,183 subscriptions.middleware process_request 58 Request: GET /subscriptions/
INFO 2025-09-16 02:12:49,186 subscriptions.middleware process_request 59 User: ahmed
INFO 2025-09-16 02:12:49,187 subscriptions.middleware process_request 60 IP: 127.0.0.1
INFO 2025-09-16 02:12:49,207 subscriptions.middleware process_response 66 Response: 200 for GET /subscriptions/
INFO 2025-09-16 02:12:53,924 subscriptions.middleware process_request 58 Request: GET /subscriptions/add/
INFO 2025-09-16 02:12:53,927 subscriptions.middleware process_request 59 User: ahmed
INFO 2025-09-16 02:12:53,927 subscriptions.middleware process_request 60 IP: 127.0.0.1
INFO 2025-09-16 02:12:53,944 subscriptions.middleware process_response 66 Response: 200 for GET /subscriptions/add/
INFO 2025-09-16 02:13:03,075 subscriptions.middleware process_request 58 Request: POST /subscriptions/add/
INFO 2025-09-16 02:13:03,077 subscriptions.middleware process_request 59 User: ahmed
INFO 2025-09-16 02:13:03,078 subscriptions.middleware process_request 60 IP: 127.0.0.1
WARNING 2025-09-16 02:13:03,082 subscriptions.form_mixins log_validation_error 179 Form validation error: field=form, error=['Duration in years is required for yearly billing cycle.'], form=SubscriptionForm, context={}
WARNING 2025-09-16 02:13:03,083 subscriptions.views form_invalid 145 Subscription form validation failed for user 2: <ul class="errorlist"><li>__all__[&quot;[&#x27;Duration in years is required for yearly billing cycle.&#x27;]&quot;, ValidationError([&#x27;Duration in years is required for yearly billing cycle.&#x27;])]</li></ul>
INFO 2025-09-16 02:13:03,090 subscriptions.middleware process_response 66 Response: 200 for POST /subscriptions/add/
INFO 2025-09-16 02:13:10,520 subscriptions.middleware process_request 58 Request: POST /subscriptions/add/
INFO 2025-09-16 02:13:10,522 subscriptions.middleware process_request 59 User: ahmed
INFO 2025-09-16 02:13:10,523 subscriptions.middleware process_request 60 IP: 127.0.0.1
WARNING 2025-09-16 02:13:10,526 subscriptions.form_mixins validate_costs 125 Unusual cost ratio detected: monthly=5, yearly=23, ratio=2.608695652173913043478260869
WARNING 2025-09-16 02:13:10,526 subscriptions.form_mixins log_validation_error 179 Form validation error: field=form, error=['Duration in years is required for yearly billing cycle.'], form=SubscriptionForm, context={}
WARNING 2025-09-16 02:13:10,527 subscriptions.views form_invalid 145 Subscription form validation failed for user 2: <ul class="errorlist"><li>__all__[&quot;[&#x27;Duration in years is required for yearly billing cycle.&#x27;]&quot;, ValidationError([&#x27;Duration in years is required for yearly billing cycle.&#x27;])]</li></ul>
INFO 2025-09-16 02:13:10,532 subscriptions.middleware process_response 66 Response: 200 for POST /subscriptions/add/
INFO 2025-09-16 02:13:30,025 subscriptions.middleware process_request 58 Request: POST /subscriptions/add/
INFO 2025-09-16 02:13:30,028 subscriptions.middleware process_request 59 User: ahmed
INFO 2025-09-16 02:13:30,028 subscriptions.middleware process_request 60 IP: 127.0.0.1
WARNING 2025-09-16 02:13:30,032 subscriptions.form_mixins log_validation_error 179 Form validation error: field=form, error=['Duration in years is required for yearly billing cycle.'], form=SubscriptionForm, context={}
WARNING 2025-09-16 02:13:30,033 subscriptions.views form_invalid 145 Subscription form validation failed for user 2: <ul class="errorlist"><li>__all__[&quot;[&#x27;Duration in years is required for yearly billing cycle.&#x27;]&quot;, ValidationError([&#x27;Duration in years is required for yearly billing cycle.&#x27;])]</li></ul>
INFO 2025-09-16 02:13:30,039 subscriptions.middleware process_response 66 Response: 200 for POST /subscriptions/add/
INFO 2025-09-16 02:13:41,375 subscriptions.middleware process_request 58 Request: POST /subscriptions/add/
INFO 2025-09-16 02:13:41,377 subscriptions.middleware process_request 59 User: ahmed
INFO 2025-09-16 02:13:41,377 subscriptions.middleware process_request 60 IP: 127.0.0.1
WARNING 2025-09-16 02:13:41,380 subscriptions.form_mixins log_validation_error 179 Form validation error: field=form, error=['Duration in years is required for yearly billing cycle.'], form=SubscriptionForm, context={}
WARNING 2025-09-16 02:13:41,381 subscriptions.views form_invalid 145 Subscription form validation failed for user 2: <ul class="errorlist"><li>__all__[&quot;[&#x27;Duration in years is required for yearly billing cycle.&#x27;]&quot;, ValidationError([&#x27;Duration in years is required for yearly billing cycle.&#x27;])]</li></ul>
INFO 2025-09-16 02:13:41,387 subscriptions.middleware process_response 66 Response: 200 for POST /subscriptions/add/
INFO 2025-09-16 02:13:48,023 subscriptions.middleware process_request 58 Request: GET /subscriptions/add/
INFO 2025-09-16 02:13:48,025 subscriptions.middleware process_request 59 User: ahmed
INFO 2025-09-16 02:13:48,026 subscriptions.middleware process_request 60 IP: 127.0.0.1
INFO 2025-09-16 02:13:48,032 subscriptions.middleware process_response 66 Response: 200 for GET /subscriptions/add/
INFO 2025-09-16 02:13:51,544 subscriptions.middleware process_request 58 Request: GET /subscriptions/
INFO 2025-09-16 02:13:51,547 subscriptions.middleware process_request 59 User: ahmed
INFO 2025-09-16 02:13:51,547 subscriptions.middleware process_request 60 IP: 127.0.0.1
INFO 2025-09-16 02:13:51,552 subscriptions.middleware process_response 66 Response: 200 for GET /subscriptions/
INFO 2025-09-16 02:13:53,118 subscriptions.middleware process_request 58 Request: GET /subscriptions/add/
INFO 2025-09-16 02:13:53,120 subscriptions.middleware process_request 59 User: ahmed
INFO 2025-09-16 02:13:53,121 subscriptions.middleware process_request 60 IP: 127.0.0.1
INFO 2025-09-16 02:13:53,129 subscriptions.middleware process_response 66 Response: 200 for GET /subscriptions/add/
INFO 2025-09-16 02:14:13,819 subscriptions.middleware process_request 58 Request: POST /subscriptions/add/
INFO 2025-09-16 02:14:13,821 subscriptions.middleware process_request 59 User: ahmed
INFO 2025-09-16 02:14:13,821 subscriptions.middleware process_request 60 IP: 127.0.0.1
INFO 2025-09-16 02:14:13,834 subscriptions.models.mixins.schedule_management reset_payments_for_new_schedule 211 Reset payments for subscription 15: deleted 0 payment records
INFO 2025-09-16 02:14:13,834 subscriptions.models.subscription save 152 Subscription 15 schedule changed; reset payments: deleted=0
INFO 2025-09-16 02:14:13,834 subscriptions.models.mixins.schedule_management refresh_billing_periods 92 Refreshing billing periods for subscription 15
INFO 2025-09-16 02:14:13,843 subscriptions.models.mixins.schedule_management refresh_billing_periods 101 Refreshed billing periods for subscription 15: 2 periods generated
INFO 2025-09-16 02:14:13,844 subscriptions.mixins log_action 52 View action: {'action': 'create', 'user_id': 2, 'view_name': 'SubscriptionCreateView', 'object': '55555'}
INFO 2025-09-16 02:14:13,850 subscriptions.middleware process_response 66 Response: 302 for POST /subscriptions/add/
INFO 2025-09-16 02:14:13,854 subscriptions.middleware process_request 58 Request: GET /subscriptions/
INFO 2025-09-16 02:14:13,857 subscriptions.middleware process_request 59 User: ahmed
INFO 2025-09-16 02:14:13,857 subscriptions.middleware process_request 60 IP: 127.0.0.1
INFO 2025-09-16 02:14:13,864 subscriptions.middleware process_response 66 Response: 200 for GET /subscriptions/
INFO 2025-09-16 02:14:19,376 subscriptions.middleware process_request 58 Request: GET /subscriptions/15/edit/
INFO 2025-09-16 02:14:19,379 subscriptions.middleware process_request 59 User: ahmed
INFO 2025-09-16 02:14:19,379 subscriptions.middleware process_request 60 IP: 127.0.0.1
INFO 2025-09-16 02:14:19,391 subscriptions.middleware process_response 66 Response: 200 for GET /subscriptions/15/edit/
INFO 2025-09-16 02:14:22,206 subscriptions.middleware process_request 58 Request: GET /subscriptions/15/
INFO 2025-09-16 02:14:22,209 subscriptions.middleware process_request 59 User: ahmed
INFO 2025-09-16 02:14:22,209 subscriptions.middleware process_request 60 IP: 127.0.0.1
INFO 2025-09-16 02:14:22,221 subscriptions.middleware process_response 66 Response: 200 for GET /subscriptions/15/
INFO 2025-09-16 02:14:27,302 subscriptions.middleware process_request 58 Request: POST /subscriptions/15/delete/
INFO 2025-09-16 02:14:27,304 subscriptions.middleware process_request 59 User: ahmed
INFO 2025-09-16 02:14:27,305 subscriptions.middleware process_request 60 IP: 127.0.0.1
INFO 2025-09-16 02:14:27,312 subscriptions.middleware process_response 66 Response: 302 for POST /subscriptions/15/delete/
INFO 2025-09-16 02:14:27,315 subscriptions.middleware process_request 58 Request: GET /subscriptions/15/
INFO 2025-09-16 02:14:27,318 subscriptions.middleware process_request 59 User: ahmed
INFO 2025-09-16 02:14:27,318 subscriptions.middleware process_request 60 IP: 127.0.0.1
ERROR 2025-09-16 02:14:27,319 subscriptions.middleware process_exception 24 Unhandled exception in /subscriptions/15/: No Subscription found matching the query
ERROR 2025-09-16 02:14:27,319 subscriptions.middleware process_exception 25 Request method: GET
ERROR 2025-09-16 02:14:27,319 subscriptions.middleware process_exception 26 Request user: ahmed
ERROR 2025-09-16 02:14:27,343 subscriptions.middleware process_exception 27 Traceback: Traceback (most recent call last):
  File "C:\Python-Projects\subscriptions-system\venv\Lib\site-packages\django\views\generic\detail.py", line 53, in get_object
    obj = queryset.get()
  File "C:\Python-Projects\subscriptions-system\venv\Lib\site-packages\django\db\models\query.py", line 637, in get
    raise self.model.DoesNotExist(
        "%s matching query does not exist." % self.model._meta.object_name
    )
subscriptions.models.subscription.Subscription.DoesNotExist: Subscription matching query does not exist.

During handling of the above exception, another exception occurred:

Traceback (most recent call last):
  File "C:\Python-Projects\subscriptions-system\venv\Lib\site-packages\django\core\handlers\base.py", line 197, in _get_response
    response = wrapped_callback(request, *callback_args, **callback_kwargs)
  File "C:\Python-Projects\subscriptions-system\venv\Lib\site-packages\django\views\generic\base.py", line 105, in view
    return self.dispatch(request, *args, **kwargs)
           ~~~~~~~~~~~~~^^^^^^^^^^^^^^^^^^^^^^^^^^
  File "C:\Python-Projects\subscriptions-system\venv\Lib\site-packages\django\contrib\auth\mixins.py", line 73, in dispatch
    return super().dispatch(request, *args, **kwargs)
           ~~~~~~~~~~~~~~~~^^^^^^^^^^^^^^^^^^^^^^^^^^
  File "C:\Python-Projects\subscriptions-system\venv\Lib\site-packages\django\views\generic\base.py", line 144, in dispatch
    return handler(request, *args, **kwargs)
  File "C:\Python-Projects\subscriptions-system\venv\Lib\site-packages\django\views\generic\detail.py", line 108, in get
    self.object = self.get_object()
                  ~~~~~~~~~~~~~~~^^
  File "C:\Python-Projects\subscriptions-system\venv\Lib\site-packages\django\views\generic\detail.py", line 55, in get_object
    raise Http404(
    ...<2 lines>...
    )
django.http.response.Http404: No Subscription found matching the query

INFO 2025-09-16 02:14:27,345 subscriptions.middleware process_response 66 Response: 500 for GET /subscriptions/15/
INFO 2025-09-16 02:14:38,053 subscriptions.middleware process_request 58 Request: GET /subscriptions/
INFO 2025-09-16 02:14:38,055 subscriptions.middleware process_request 59 User: ahmed
INFO 2025-09-16 02:14:38,056 subscriptions.middleware process_request 60 IP: 127.0.0.1
INFO 2025-09-16 02:14:38,063 subscriptions.middleware process_response 66 Response: 200 for GET /subscriptions/
